<?xml version="1.0" encoding="UTF-8"?>
<testsuite xmlns:xsi="http://www.w3.org/2001/XMLSchema-instance" xsi:noNamespaceSchemaLocation="https://maven.apache.org/surefire/maven-surefire-plugin/xsd/surefire-test-report-3.0.xsd" version="3.0" name="SWP.Cyberkraftwerk2.Cyberkraftwerk2ApplicationTests" time="3.93" tests="1" errors="0" skipped="0" failures="0">
  <properties>
[...]
</properties>
  <testcase name="contextLoads" classname="SWP.Cyberkraftwerk2.Cyberkraftwerk2ApplicationTests" time="0.281">
    <system-out><![CDATA[17:09:11.171 [main] INFO org.springframework.test.context.support.AnnotationConfigContextLoaderUtils -- Could not detect default configuration classes for test class [SWP.Cyberkraftwerk2.Cyberkraftwerk2ApplicationTests]: Cyberkraftwerk2ApplicationTests does not declare any static, non-private, non-final, nested classes annotated with @Configuration.
17:09:11.265 [main] INFO org.springframework.boot.test.context.SpringBootTestContextBootstrapper -- Found @SpringBootConfiguration SWP.Cyberkraftwerk2.Cyberkraftwerk2Application for test class SWP.Cyberkraftwerk2.Cyberkraftwerk2ApplicationTests
17:09:11.398 [main] INFO org.springframework.boot.devtools.restart.RestartApplicationListener -- Restart disabled due to context in which it is running

  .   ____          _            __ _ _
 /\\ / ___'_ __ _ _(_)_ __  __ _ \ \ \ \
( ( )\___ | '_ | '_| | '_ \/ _` | \ \ \ \
 \\/  ___)| |_)| | | | | || (_| |  ) ) ) )
  '  |____| .__|_| |_|_| |_\__, | / / / /
 =========|_|==============|___/=/_/_/_/
 :: Spring Boot ::                (v3.1.5)

2023-11-14T17:09:11.603+01:00  INFO 32100 --- [           main] S.C.Cyberkraftwerk2ApplicationTests      : Starting Cyberkraftwerk2ApplicationTests using Java 17.0.7 with PID 32100 (started by JackT in C:\Users\JackT\OneDrive\Bureau\Study\Software Projekt\Cyberkraftwerk2)
2023-11-14T17:09:11.604+01:00  INFO 32100 --- [           main] S.C.Cyberkraftwerk2ApplicationTests      : No active profile set, falling back to 1 default profile: "default"
2023-11-14T17:09:12.038+01:00  INFO 32100 --- [           main] .s.d.r.c.RepositoryConfigurationDelegate : Bootstrapping Spring Data JPA repositories in DEFAULT mode.
2023-11-14T17:09:12.134+01:00  INFO 32100 --- [           main] .s.d.r.c.RepositoryConfigurationDelegate : Finished Spring Data repository scanning in 91 ms. Found 1 JPA repository interfaces.
2023-11-14T17:09:12.499+01:00  INFO 32100 --- [           main] o.hibernate.jpa.internal.util.LogHelper  : HHH000204: Processing PersistenceUnitInfo [name: default]
2023-11-14T17:09:12.544+01:00  INFO 32100 --- [           main] org.hibernate.Version                    : HHH000412: Hibernate ORM core version 6.2.13.Final
2023-11-14T17:09:12.545+01:00  INFO 32100 --- [           main] org.hibernate.cfg.Environment            : HHH000406: Using bytecode reflection optimizer
2023-11-14T17:09:12.770+01:00  INFO 32100 --- [           main] o.s.o.j.p.SpringPersistenceUnitInfo      : No LoadTimeWeaver setup: ignoring JPA class transformer
2023-11-14T17:09:12.797+01:00  INFO 32100 --- [           main] com.zaxxer.hikari.HikariDataSource       : HikariPool-1 - Starting...
2023-11-14T17:09:12.924+01:00  INFO 32100 --- [           main] com.zaxxer.hikari.pool.HikariPool        : HikariPool-1 - Added connection org.postgresql.jdbc.PgConnection@32e830a0
2023-11-14T17:09:12.925+01:00  INFO 32100 --- [           main] com.zaxxer.hikari.HikariDataSource       : HikariPool-1 - Start completed.
2023-11-14T17:09:12.945+01:00  WARN 32100 --- [           main] org.hibernate.orm.deprecation            : HHH90000025: PostgreSQLDialect does not need to be specified explicitly using 'hibernate.dialect' (remove the property setting and it will be selected by default)
2023-11-14T17:09:13.505+01:00  INFO 32100 --- [           main] o.h.e.t.j.p.i.JtaPlatformInitiator       : HHH000489: No JTA platform available (set 'hibernate.transaction.jta.platform' to enable JTA platform integration)
2023-11-14T17:09:13.535+01:00  INFO 32100 --- [           main] j.LocalContainerEntityManagerFactoryBean : Initialized JPA EntityManagerFactory for persistence unit 'default'
2023-11-14T17:09:14.026+01:00  WARN 32100 --- [           main] JpaBaseConfiguration$JpaWebConfiguration : spring.jpa.open-in-view is enabled by default. Therefore, database queries may be performed during view rendering. Explicitly configure spring.jpa.open-in-view to disable this warning
2023-11-14T17:09:14.416+01:00  WARN 32100 --- [           main] ion$DefaultTemplateResolverConfiguration : Cannot find template location: classpath:/templates/ (please add some templates, check your Thymeleaf configuration, or set spring.thymeleaf.check-template-location=false)
2023-11-14T17:09:14.544+01:00  WARN 32100 --- [           main] .s.s.UserDetailsServiceAutoConfiguration : 

Using generated security password: 21ad54e7-4e33-4841-8aae-a552e5a42545

This generated password is for development use only. Your security configuration must be updated before running your application in production.

2023-11-14T17:09:14.622+01:00  INFO 32100 --- [           main] o.s.s.web.DefaultSecurityFilterChain     : Will secure any request with [org.springframework.security.web.session.DisableEncodeUrlFilter@34f3c920, org.springframework.security.web.context.request.async.WebAsyncManagerIntegrationFilter@73f0b216, org.springframework.security.web.context.SecurityContextHolderFilter@39f5eba4, org.springframework.security.web.header.HeaderWriterFilter@4cb939d5, org.springframework.security.web.csrf.CsrfFilter@19240b9, org.springframework.security.web.authentication.logout.LogoutFilter@779cda39, org.springframework.security.web.authentication.UsernamePasswordAuthenticationFilter@5a1a5521, org.springframework.security.web.authentication.ui.DefaultLoginPageGeneratingFilter@22ea09b7, org.springframework.security.web.authentication.ui.DefaultLogoutPageGeneratingFilter@73bd146c, org.springframework.security.web.authentication.www.BasicAuthenticationFilter@22cca101, org.springframework.security.web.savedrequest.RequestCacheAwareFilter@bb3487c, org.springframework.security.web.servletapi.SecurityContextHolderAwareRequestFilter@66831b14, org.springframework.security.web.authentication.AnonymousAuthenticationFilter@1ea78c72, org.springframework.security.web.access.ExceptionTranslationFilter@386d41cb, org.springframework.security.web.access.intercept.AuthorizationFilter@6c4c32ff]
2023-11-14T17:09:14.683+01:00  INFO 32100 --- [           main] S.C.Cyberkraftwerk2ApplicationTests      : Started Cyberkraftwerk2ApplicationTests in 3.301 seconds (process running for 3.973)
]]></system-out>
  </testcase>
</testsuite>