<?xml version="1.0" encoding="UTF-8"?>
<testsuite xmlns:xsi="http://www.w3.org/2001/XMLSchema-instance" xsi:noNamespaceSchemaLocation="https://maven.apache.org/surefire/maven-surefire-plugin/xsd/surefire-test-report-3.0.xsd" version="3.0" name="SWP.Cyberkraftwerk2.Cyberkraftwerk2ApplicationTests" time="4.423" tests="1" errors="0" skipped="0" failures="0">
  <properties>
[...]
</properties>
  <testcase name="contextLoads" classname="SWP.Cyberkraftwerk2.Cyberkraftwerk2ApplicationTests" time="0.309">
    <system-out><![CDATA[18:00:49.337 [main] INFO org.springframework.test.context.support.AnnotationConfigContextLoaderUtils -- Could not detect default configuration classes for test class [SWP.Cyberkraftwerk2.Cyberkraftwerk2ApplicationTests]: Cyberkraftwerk2ApplicationTests does not declare any static, non-private, non-final, nested classes annotated with @Configuration.
18:00:49.408 [main] INFO org.springframework.boot.test.context.SpringBootTestContextBootstrapper -- Found @SpringBootConfiguration SWP.Cyberkraftwerk2.Cyberkraftwerk2Application for test class SWP.Cyberkraftwerk2.Cyberkraftwerk2ApplicationTests
18:00:49.517 [main] INFO org.springframework.boot.devtools.restart.RestartApplicationListener -- Restart disabled due to context in which it is running

  .   ____          _            __ _ _
 /\\ / ___'_ __ _ _(_)_ __  __ _ \ \ \ \
( ( )\___ | '_ | '_| | '_ \/ _` | \ \ \ \
 \\/  ___)| |_)| | | | | || (_| |  ) ) ) )
  '  |____| .__|_| |_|_| |_\__, | / / / /
 =========|_|==============|___/=/_/_/_/
 :: Spring Boot ::                (v3.1.5)

2023-11-17T18:00:49.660+01:00  INFO 11756 --- [           main] S.C.Cyberkraftwerk2ApplicationTests      : Starting Cyberkraftwerk2ApplicationTests using Java 17.0.7 with PID 11756 (started by JackT in C:\Users\JackT\OneDrive\Bureau\Study\Software Projekt\Cyberkraftwerk2)
2023-11-17T18:00:49.661+01:00  INFO 11756 --- [           main] S.C.Cyberkraftwerk2ApplicationTests      : No active profile set, falling back to 1 default profile: "default"
2023-11-17T18:00:50.094+01:00  INFO 11756 --- [           main] .s.d.r.c.RepositoryConfigurationDelegate : Bootstrapping Spring Data JPA repositories in DEFAULT mode.
2023-11-17T18:00:50.191+01:00  INFO 11756 --- [           main] .s.d.r.c.RepositoryConfigurationDelegate : Finished Spring Data repository scanning in 90 ms. Found 1 JPA repository interfaces.
2023-11-17T18:00:50.548+01:00  INFO 11756 --- [           main] o.hibernate.jpa.internal.util.LogHelper  : HHH000204: Processing PersistenceUnitInfo [name: default]
2023-11-17T18:00:50.589+01:00  INFO 11756 --- [           main] org.hibernate.Version                    : HHH000412: Hibernate ORM core version 6.2.13.Final
2023-11-17T18:00:50.590+01:00  INFO 11756 --- [           main] org.hibernate.cfg.Environment            : HHH000406: Using bytecode reflection optimizer
2023-11-17T18:00:50.825+01:00  INFO 11756 --- [           main] o.s.o.j.p.SpringPersistenceUnitInfo      : No LoadTimeWeaver setup: ignoring JPA class transformer
2023-11-17T18:00:50.851+01:00  INFO 11756 --- [           main] com.zaxxer.hikari.HikariDataSource       : HikariPool-1 - Starting...
2023-11-17T18:00:51.144+01:00  INFO 11756 --- [           main] com.zaxxer.hikari.pool.HikariPool        : HikariPool-1 - Added connection org.postgresql.jdbc.PgConnection@2f9addd4
2023-11-17T18:00:51.146+01:00  INFO 11756 --- [           main] com.zaxxer.hikari.HikariDataSource       : HikariPool-1 - Start completed.
2023-11-17T18:00:51.179+01:00  WARN 11756 --- [           main] org.hibernate.orm.deprecation            : HHH90000025: PostgreSQLDialect does not need to be specified explicitly using 'hibernate.dialect' (remove the property setting and it will be selected by default)
2023-11-17T18:00:51.705+01:00  INFO 11756 --- [           main] o.h.e.t.j.p.i.JtaPlatformInitiator       : HHH000489: No JTA platform available (set 'hibernate.transaction.jta.platform' to enable JTA platform integration)
2023-11-17T18:00:51.787+01:00  INFO 11756 --- [           main] j.LocalContainerEntityManagerFactoryBean : Initialized JPA EntityManagerFactory for persistence unit 'default'
2023-11-17T18:00:52.308+01:00  WARN 11756 --- [           main] JpaBaseConfiguration$JpaWebConfiguration : spring.jpa.open-in-view is enabled by default. Therefore, database queries may be performed during view rendering. Explicitly configure spring.jpa.open-in-view to disable this warning
2023-11-17T18:00:52.815+01:00  WARN 11756 --- [           main] ion$DefaultTemplateResolverConfiguration : Cannot find template location: classpath:/templates/ (please add some templates, check your Thymeleaf configuration, or set spring.thymeleaf.check-template-location=false)
2023-11-17T18:00:53.030+01:00  INFO 11756 --- [           main] o.s.s.web.DefaultSecurityFilterChain     : Will secure any request with [org.springframework.security.web.session.DisableEncodeUrlFilter@2d10160a, org.springframework.security.web.context.request.async.WebAsyncManagerIntegrationFilter@157ff8f8, org.springframework.security.web.context.SecurityContextHolderFilter@28d2afd8, org.springframework.security.web.header.HeaderWriterFilter@61d7df22, org.springframework.security.web.csrf.CsrfFilter@542759f, org.springframework.security.web.authentication.logout.LogoutFilter@9203db8, org.springframework.security.oauth2.client.web.OAuth2AuthorizationRequestRedirectFilter@2d2afbdf, org.springframework.security.oauth2.client.web.OAuth2AuthorizationRequestRedirectFilter@3ed1446c, org.springframework.security.oauth2.client.web.OAuth2LoginAuthenticationFilter@6cb2d5ea, org.springframework.security.web.authentication.ui.DefaultLoginPageGeneratingFilter@fee1e32, org.springframework.security.web.authentication.ui.DefaultLogoutPageGeneratingFilter@4a1abba1, org.springframework.security.web.savedrequest.RequestCacheAwareFilter@755057c7, org.springframework.security.web.servletapi.SecurityContextHolderAwareRequestFilter@6afdb486, org.springframework.security.web.authentication.AnonymousAuthenticationFilter@67263db7, org.springframework.security.oauth2.client.web.OAuth2AuthorizationCodeGrantFilter@1a345c6c, org.springframework.security.web.access.ExceptionTranslationFilter@3181fbe7, org.springframework.security.web.access.intercept.AuthorizationFilter@184e5c44]
2023-11-17T18:00:53.096+01:00  INFO 11756 --- [           main] S.C.Cyberkraftwerk2ApplicationTests      : Started Cyberkraftwerk2ApplicationTests in 3.588 seconds (process running for 4.155)
Hibernate: select u1_0.id,u1_0.username from user_list u1_0
Hibernate: delete from user_list where id=?
Hibernate: delete from user_list where id=?
Hibernate: delete from user_list where id=?
Hibernate: insert into user_list (username) values (?)
Hibernate: insert into user_list (username) values (?)
Hibernate: insert into user_list (username) values (?)
]]></system-out>
  </testcase>
</testsuite>